[2024-05-25 21:28:15] [ INFO ] [DomicilioDaoH2:107] Se ha encontrado el domicilio: Id: 1 - Calle: Av Siempre Viva - Numero: 742 - Localidad: Springfield - Provincia: Massachusetts
[2024-05-25 21:28:15] [ INFO ] [DomicilioDaoH2:107] Se ha encontrado el domicilio: Id: 2 - Calle: Calle Wallaby - Numero: 42 - Localidad: Sydney - Provincia: Nueva Gales del Sur
[2024-05-25 21:28:15] [ INFO ] [DomicilioDaoH2:107] Se ha encontrado el domicilio: Id: 3 - Calle: Calle - Numero: 13 - Localidad: Localidad - Provincia: Provincia
[2024-05-25 21:28:15] [ INFO ] [DomicilioDaoH2:107] Se ha encontrado el domicilio: Id: 4 - Calle: Calle - Numero: 13 - Localidad: Localidad - Provincia: Provincia
[2024-05-25 21:28:15] [ INFO ] [DomicilioDaoH2:107] Se ha encontrado el domicilio: Id: 5 - Calle: Calle - Numero: 13 - Localidad: Localidad - Provincia: Provincia
[2024-05-25 21:28:15] [ INFO ] [DomicilioDaoH2:107] Se ha encontrado el domicilio: Id: 6 - Calle: Calle - Numero: 13 - Localidad: Localidad - Provincia: Provincia
[2024-05-25 21:28:15] [ INFO ] [PacienteDaoH2:146] Listado de todos los pacientes: [Id: 1 - Nombre: Emiliano - Apellido: Celli - DNI: 35464856 - Fechas de ingreso: 2023-05-24 - Domicilio: Id: 1 - Calle: Av Siempre Viva - Numero: 742 - Localidad: Springfield - Provincia: Massachusetts, Id: 2 - Nombre: Pablo - Apellido: Clemente - DNI: 3548546 - Fechas de ingreso: 2023-05-24 - Domicilio: Id: 2 - Calle: Calle Wallaby - Numero: 42 - Localidad: Sydney - Provincia: Nueva Gales del Sur, Id: 3 - Nombre: Nombre - Apellido: Apellido - DNI: 7891011 - Fechas de ingreso: 2023-05-02 - Domicilio: Id: 3 - Calle: Calle - Numero: 13 - Localidad: Localidad - Provincia: Provincia, Id: 4 - Nombre: Nombre - Apellido: Apellido - DNI: 7891011 - Fechas de ingreso: 2023-05-02 - Domicilio: Id: 4 - Calle: Calle - Numero: 13 - Localidad: Localidad - Provincia: Provincia, Id: 5 - Nombre: Nombre - Apellido: Apellido - DNI: 7891011 - Fechas de ingreso: 2023-05-02 - Domicilio: Id: 5 - Calle: Calle - Numero: 13 - Localidad: Localidad - Provincia: Provincia, Id: 6 - Nombre: Sofia - Apellido: Barreto - DNI: 5548757 - Fechas de ingreso: 2022-05-02 - Domicilio: Id: 6 - Calle: Calle - Numero: 13 - Localidad: Localidad - Provincia: Provincia]
[2024-05-25 21:28:15] [ INFO ] [DomicilioDaoH2:50] Se ha registrado el domicilio: Id: 7 - Calle: Calle - Numero: 13 - Localidad: Localidad - Provincia: Provincia
[2024-05-25 21:28:15] [ INFO ] [PacienteDaoH2:58] Se ha registrado el paciente: Id: 7 - Nombre: Nombre - Apellido: Apellido - DNI: 7891011 - Fechas de ingreso: 2023-05-02 - Domicilio: Id: 7 - Calle: Calle - Numero: 13 - Localidad: Localidad - Provincia: Provincia
[2024-05-25 21:28:50] [ INFO ] [OdontologoDaoH2:39] Odontólogo registrado correctamente: 
Id: 8 - Numero_matricula: 12345 - Nombre: Juan - Apellido: Perez
[2024-05-25 21:28:51] [ INFO ] [OdontologoDaoH2:89] Listado de todos los odontologos: [
Id: 1 - Numero_matricula: 1000 - Nombre: NICOLAS - Apellido: GONZALES, 
Id: 2 - Numero_matricula: 12345 - Nombre: Juan - Apellido: Perez, 
Id: 3 - Numero_matricula: 12345 - Nombre: Juan - Apellido: Perez, 
Id: 4 - Numero_matricula: 12345 - Nombre: Juan - Apellido: Perez, 
Id: 5 - Numero_matricula: 12345 - Nombre: Juan - Apellido: Perez, 
Id: 6 - Numero_matricula: 12345 - Nombre: Juan - Apellido: Perez, 
Id: 7 - Numero_matricula: 544478 - Nombre: Pomelo - Apellido: Rosa, 
Id: 8 - Numero_matricula: 12345 - Nombre: Juan - Apellido: Perez]
[2024-05-25 21:29:14] [ INFO ] [DomicilioDaoH2:50] Se ha registrado el domicilio: Id: 8 - Calle: Calle - Numero: 13 - Localidad: Localidad - Provincia: Provincia
[2024-05-25 21:29:14] [ INFO ] [PacienteDaoH2:58] Se ha registrado el paciente: Id: 8 - Nombre: Sofia - Apellido: Barreto - DNI: 5548757 - Fechas de ingreso: 2022-05-02 - Domicilio: Id: 8 - Calle: Calle - Numero: 13 - Localidad: Localidad - Provincia: Provincia
[2024-05-25 21:29:14] [ INFO ] [OdontologoDaoH2:39] Odontólogo registrado correctamente: 
Id: 9 - Numero_matricula: 544478 - Nombre: Pomelo - Apellido: Rosa
[2024-05-25 21:29:14] [ INFO ] [TurnoEnH2:69] Se ha registrado el turno correctamente.Id: 6 - Paciente: Id: 8 - Nombre: Sofia - Apellido: Barreto - DNI: 5548757 - Fechas de ingreso: 2022-05-02 - Domicilio: Id: 8 - Calle: Calle - Numero: 13 - Localidad: Localidad - Provincia: Provincia - Odontologo: 
Id: 9 - Numero_matricula: 544478 - Nombre: Pomelo - Apellido: Rosa - Fecha y hora: 2024-06-30T05:01:10
